{
  "RSpec": {
    "coverage": {
      "/Users/blake/turing/3module/projects/sweater-weather/app/facades/location_facade.rb": {
        "lines": [
          1,
          1,
          1,
          null,
          1,
          null,
          null
        ]
      },
      "/Users/blake/turing/3module/projects/sweater-weather/app/services/location_service.rb": {
        "lines": [
          1,
          1,
          1,
          1,
          null,
          null,
          null,
          1,
          1,
          1,
          null,
          null
        ]
      },
      "/Users/blake/turing/3module/projects/sweater-weather/app/poros/location.rb": {
        "lines": [
          1,
          1,
          null,
          null,
          1,
          1,
          1,
          null,
          null
        ]
      },
      "/Users/blake/turing/3module/projects/sweater-weather/app/models/application_record.rb": {
        "lines": [
          0,
          0,
          0
        ],
        "branches": {
        }
      },
      "/Users/blake/turing/3module/projects/sweater-weather/app/controllers/application_controller.rb": {
        "lines": [
          0,
          0
        ],
        "branches": {
        }
      }
    },
    "timestamp": 1663455149
  }
}
